Arguments: 
  C:\Program Files\nodejs\node.exe C:\Users\snurc\AppData\Roaming\npm\node_modules\yarn\bin\yarn.js login

PATH: 
  C:\Users\snurc\bin;C:\Program Files\Git\mingw64\bin;C:\Program Files\Git\usr\local\bin;C:\Program Files\Git\usr\bin;C:\Program Files\Git\usr\bin;C:\Program Files\Git\mingw64\bin;C:\Program Files\Git\usr\bin;C:\Users\snurc\bin;C:\Python311\Scripts;C:\Python311;C:\Windows\system32;C:\Windows;C:\Windows\System32\Wbem;C:\Windows\System32\WindowsPowerShell\v1.0;C:\Windows\System32\OpenSSH;C:\Program Files\NVIDIA Corporation\NVIDIA NvDLISR;C:\Program Files (x86)\NVIDIA Corporation\PhysX\Common;C:\Program Files\Git\cmd;C:\ProgramData\chocolatey\bin;C:\Program Files\nodejs;C:\Users\snurc\AppData\Local\Microsoft\WindowsApps;C:\Users\snurc\AppData\Local\Programs\Microsoft VS Code\bin;C:\Users\snurc\AppData\Roaming\npm;C:\Program Files\Git\usr\bin\vendor_perl;C:\Program Files\Git\usr\bin\core_perl

Yarn version: 
  1.22.19

Node version: 
  16.19.1

Platform: 
  win32 x64

Trace: 
  Error: Can't answer a question unless a user TTY
      at ConsoleReporter.question (C:\Users\snurc\AppData\Roaming\npm\node_modules\yarn\lib\cli.js:92864:59)
      at C:\Users\snurc\AppData\Roaming\npm\node_modules\yarn\lib\cli.js:33064:33
      at Generator.next (<anonymous>)
      at step (C:\Users\snurc\AppData\Roaming\npm\node_modules\yarn\lib\cli.js:310:30)
      at C:\Users\snurc\AppData\Roaming\npm\node_modules\yarn\lib\cli.js:328:14
      at new Promise (<anonymous>)
      at new F (C:\Users\snurc\AppData\Roaming\npm\node_modules\yarn\lib\cli.js:5305:28)
      at C:\Users\snurc\AppData\Roaming\npm\node_modules\yarn\lib\cli.js:307:12
      at getCredentials (C:\Users\snurc\AppData\Roaming\npm\node_modules\yarn\lib\cli.js:33085:17)
      at Object.<anonymous> (C:\Users\snurc\AppData\Roaming\npm\node_modules\yarn\lib\cli.js:33193:11)

npm manifest: 
  {
    "name": "@user/randomid-generator",
    "version": "1.0.0",
    "main": "index.js",
    "license": "MIT"
  }

yarn manifest: 
  No manifest

Lockfile: 
  No lockfile
